<?xml version="1.0" encoding="UTF-8"?>
<testng-results ignored="0" total="1" passed="1" failed="0" skipped="0">
  <reporter-output>
  </reporter-output>
  <suite started-at="2021-07-07T21:55:40 IST" name="Default suite" finished-at="2021-07-07T21:55:42 IST" duration-ms="1368">
    <groups>
    </groups>
    <test started-at="2021-07-07T21:55:40 IST" name="Default test" finished-at="2021-07-07T21:55:42 IST" duration-ms="1368">
      <class name="com.restapi.test.GetApiTest">
        <test-method is-config="true" signature="setUp()[pri:0, instance:com.restapi.test.GetApiTest@8e0379d]" started-at="2021-07-07T21:55:40 IST" name="setUp" finished-at="2021-07-07T21:55:40 IST" duration-ms="6" status="PASS">
          <reporter-output>
          </reporter-output>
        </test-method> <!-- setUp -->
        <test-method signature="getTest()[pri:0, instance:com.restapi.test.GetApiTest@8e0379d]" started-at="2021-07-07T21:55:40 IST" name="getTest" finished-at="2021-07-07T21:55:42 IST" duration-ms="1298" status="PASS">
          <reporter-output>
          </reporter-output>
        </test-method> <!-- getTest -->
      </class> <!-- com.restapi.test.GetApiTest -->
    </test> <!-- Default test -->
  </suite> <!-- Default suite -->
</testng-results>
